<?xml version="1.0" encoding="UTF-8"?>
<testsuites>
  <testsuite name="BackstopJS" tests="461" failures="5" errors="5" skipped="0">
    <testcase classname="#example-container .fd-action-bar" name=" ›› action-bar"/>
    <testcase classname="#example-container .fd-action-bar.__n1" name=" ›› action-bar"/>
    <testcase classname="#example-container .fd-action-bar.__n2" name=" ›› action-bar"/>
    <testcase classname="#example-container .fd-action-bar.__n3" name=" ›› action-bar"/>
    <testcase classname="#example-container .fd-action-bar.__n4" name=" ›› action-bar"/>
    <testcase classname="#example-container .fd-action-bar.__n5" name=" ›› action-bar"/>
    <testcase classname="#example-container .fd-action-bar.__n6" name=" ›› action-bar"/>
    <testcase classname="#example-container .fd-alert" name=" ›› alert"/>
    <testcase classname="#example-container .fd-alert.__n1" name=" ›› alert">
      <failure message="Design deviation ›› alert (#example-container .fd-alert.__n1) component"/>
      <error message="Design deviation ›› alert (#example-container .fd-alert.__n1) component"/>
    </testcase>
    <testcase classname="#example-container .fd-alert.__n2" name=" ›› alert">
      <failure message="Design deviation ›› alert (#example-container .fd-alert.__n2) component"/>
      <error message="Design deviation ›› alert (#example-container .fd-alert.__n2) component"/>
    </testcase>
    <testcase classname="#example-container .fd-alert.__n3" name=" ›› alert"/>
    <testcase classname="#example-container .fd-alert.__n4" name=" ›› alert"/>
    <testcase classname="#example-container .fd-alert.__n5" name=" ›› alert"/>
    <testcase classname="#example-container .fd-alert.__n6" name=" ›› alert"/>
    <testcase classname="#example-container .fd-alert.__n7" name=" ›› alert"/>
    <testcase classname="#example-container .fd-alert.__n8" name=" ›› alert"/>
    <testcase classname="#example-container .fd-alert.__n9" name=" ›› alert"/>
    <testcase classname="#example-container .fd-alert.__n10" name=" ›› alert"/>
    <testcase classname="#example-container .fd-alert.__n11" name=" ›› alert"/>
    <testcase classname="#example-container .fd-alert.__n12" name=" ›› alert"/>
    <testcase classname="#example-container .fd-alert.__n13" name=" ›› alert"/>
    <testcase classname="#example-container .fd-alert.__n14" name=" ›› alert"/>
    <testcase classname="#example-container .fd-alert.__n15" name=" ›› alert"/>
    <testcase classname="#example-container .fd-alert.__n16" name=" ›› alert"/>
    <testcase classname="#example-container .fd-alert.__n17" name=" ›› alert"/>
    <testcase classname="#example-container .fd-alert.__n18" name=" ›› alert"/>
    <testcase classname="#example-container .fd-alert.__n19" name=" ›› alert"/>
    <testcase classname="#example-container .fd-alert.__n20" name=" ›› alert"/>
    <testcase classname="#example-container .fd-alert.__n21" name=" ›› alert"/>
    <testcase classname="#example-container .fd-alert.__n22" name=" ›› alert"/>
    <testcase classname="#example-container .fd-alert.__n23" name=" ›› alert"/>
    <testcase classname="#example-container .fd-asset-upload" name=" ›› asset-upload"/>
    <testcase classname="#example-container .fd-asset-upload.__n1" name=" ›› asset-upload"/>
    <testcase classname="#example-container .fd-asset-upload.__n2" name=" ›› asset-upload"/>
    <testcase classname="#example-container .fd-asset-upload.__n3" name=" ›› asset-upload"/>
    <testcase classname="#example-container .fd-badge" name=" ›› badge"/>
    <testcase classname="#example-container .fd-badge.__n1" name=" ›› badge"/>
    <testcase classname="#example-container .fd-badge.__n2" name=" ›› badge"/>
    <testcase classname="#example-container .fd-badge.__n3" name=" ›› badge"/>
    <testcase classname="#example-container .fd-badge.__n4" name=" ›› badge"/>
    <testcase classname="#example-container .fd-badge.__n5" name=" ›› badge"/>
    <testcase classname="#example-container .fd-badge.__n6" name=" ›› badge"/>
    <testcase classname="#example-container .fd-badge.__n7" name=" ›› badge"/>
    <testcase classname="#example-container .fd-badge.__n8" name=" ›› badge"/>
    <testcase classname="#example-container .fd-badge.__n9" name=" ›› badge"/>
    <testcase classname="#example-container .fd-badge.__n10" name=" ›› badge"/>
    <testcase classname="#example-container .fd-badge.__n11" name=" ›› badge"/>
    <testcase classname="#example-container .fd-badge.__n12" name=" ›› badge"/>
    <testcase classname="#example-container .fd-badge.__n13" name=" ›› badge"/>
    <testcase classname="#example-container .fd-badge.__n14" name=" ›› badge"/>
    <testcase classname="#example-container .fd-badge.__n15" name=" ›› badge"/>
    <testcase classname="#example-container .fd-breadcrumb" name=" ›› breadcrumb"/>
    <testcase classname="#example-container .fd-button" name=" ›› button"/>
    <testcase classname="#example-container .fd-button.__n1" name=" ›› button"/>
    <testcase classname="#example-container .fd-button.__n2" name=" ›› button"/>
    <testcase classname="#example-container .fd-button.__n3" name=" ›› button"/>
    <testcase classname="#example-container .fd-button.__n4" name=" ›› button"/>
    <testcase classname="#example-container .fd-button.__n5" name=" ›› button"/>
    <testcase classname="#example-container .fd-button.__n6" name=" ›› button"/>
    <testcase classname="#example-container .fd-button.__n7" name=" ›› button"/>
    <testcase classname="#example-container .fd-button.__n8" name=" ›› button"/>
    <testcase classname="#example-container .fd-button.__n9" name=" ›› button"/>
    <testcase classname="#example-container .fd-button.__n10" name=" ›› button"/>
    <testcase classname="#example-container .fd-button.__n11" name=" ›› button"/>
    <testcase classname="#example-container .fd-button.__n12" name=" ›› button"/>
    <testcase classname="#example-container .fd-button.__n13" name=" ›› button"/>
    <testcase classname="#example-container .fd-button.__n14" name=" ›› button"/>
    <testcase classname="#example-container .fd-button.__n15" name=" ›› button">
      <failure message="Design deviation ›› button (#example-container .fd-button.__n15) component"/>
      <error message="Design deviation ›› button (#example-container .fd-button.__n15) component"/>
    </testcase>
    <testcase classname="#example-container .fd-button.__n16" name=" ›› button"/>
    <testcase classname="#example-container .fd-button.__n17" name=" ›› button"/>
    <testcase classname="#example-container .fd-button.__n18" name=" ›› button"/>
    <testcase classname="#example-container .fd-button.__n19" name=" ›› button"/>
    <testcase classname="#example-container .fd-button.__n20" name=" ›› button"/>
    <testcase classname="#example-container .fd-button.__n21" name=" ›› button"/>
    <testcase classname="#example-container .fd-button.__n22" name=" ›› button"/>
    <testcase classname="#example-container .fd-button.__n23" name=" ›› button"/>
    <testcase classname="#example-container .fd-button.__n24" name=" ›› button"/>
    <testcase classname="#example-container .fd-button.__n25" name=" ›› button"/>
    <testcase classname="#example-container .fd-button.__n26" name=" ›› button"/>
    <testcase classname="#example-container .fd-button.__n27" name=" ›› button"/>
    <testcase classname="#example-container .fd-button.__n28" name=" ›› button"/>
    <testcase classname="#example-container .fd-button.__n29" name=" ›› button"/>
    <testcase classname="#example-container .fd-button-group" name=" ›› button-group">
      <failure message="Design deviation ›› button-group (#example-container .fd-button-group) component"/>
      <error message="Design deviation ›› button-group (#example-container .fd-button-group) component"/>
    </testcase>
    <testcase classname="#example-container .fd-button-group.__n1" name=" ›› button-group"/>
    <testcase classname="#example-container .fd-button-group.__n2" name=" ›› button-group"/>
    <testcase classname="#example-container .fd-button-group.__n3" name=" ›› button-group"/>
    <testcase classname="#example-container .fd-button-group.__n4" name=" ›› button-group"/>
    <testcase classname="#example-container .fd-button-group.__n5" name=" ›› button-group"/>
    <testcase classname="#example-container .fd-button-group.__n6" name=" ›› button-group"/>
    <testcase classname="#example-container .fd-button-split" name=" ›› button-split"/>
    <testcase classname="#example-container .fd-button-split.__n1" name=" ›› button-split"/>
    <testcase classname="#example-container .fd-button-split.__n2" name=" ›› button-split"/>
    <testcase classname="#example-container .fd-button-split.__n3" name=" ›› button-split"/>
    <testcase classname="#example-container .fd-button-split.__n4" name=" ›› button-split"/>
    <testcase classname="#example-container .fd-button-split.__n5" name=" ›› button-split"/>
    <testcase classname="#example-container .fd-button-split.__n6" name=" ›› button-split"/>
    <testcase classname="#example-container .fd-button-split.__n7" name=" ›› button-split"/>
    <testcase classname="#example-container .fd-button-split.__n8" name=" ›› button-split"/>
    <testcase classname="#example-container .fd-button-split.__n9" name=" ›› button-split"/>
    <testcase classname="#example-container .fd-button-split.__n10" name=" ›› button-split"/>
    <testcase classname="#example-container .fd-button-split.__n11" name=" ›› button-split"/>
    <testcase classname="#example-container .fd-button-split.__n12" name=" ›› button-split"/>
    <testcase classname="#example-container .fd-button-split.__n13" name=" ›› button-split"/>
    <testcase classname="#example-container .fd-button-split.__n14" name=" ›› button-split"/>
    <testcase classname="#example-container .fd-button-split.__n15" name=" ›› button-split"/>
    <testcase classname="#example-container .fd-button-split.__n16" name=" ›› button-split"/>
    <testcase classname="#example-container .fd-button-split.__n17" name=" ›› button-split"/>
    <testcase classname="#example-container .fd-button-split.__n18" name=" ›› button-split"/>
    <testcase classname="#example-container .fd-button-split.__n19" name=" ›› button-split"/>
    <testcase classname="#example-container .fd-button-split.__n20" name=" ›› button-split"/>
    <testcase classname="#example-container .fd-calendar" name=" ›› calendar"/>
    <testcase classname="#example-container .fd-calendar.__n1" name=" ›› calendar"/>
    <testcase classname="#example-container .fd-calendar.__n2" name=" ›› calendar"/>
    <testcase classname="#example-container .fd-calendar.__n3" name=" ›› calendar"/>
    <testcase classname="#example-container .fd-calendar.__n4" name=" ›› calendar"/>
    <testcase classname="#example-container .fd-checkbox" name=" ›› checkbox"/>
    <testcase classname="#example-container .fd-checkbox.__n1" name=" ›› checkbox"/>
    <testcase classname="#example-container .fd-checkbox.__n2" name=" ›› checkbox"/>
    <testcase classname="#example-container .fd-checkbox.__n3" name=" ›› checkbox"/>
    <testcase classname="#example-container .fd-checkbox.__n4" name=" ›› checkbox"/>
    <testcase classname="#example-container .fd-checkbox.__n5" name=" ›› checkbox"/>
    <testcase classname="#example-container .fd-combobox-input" name=" ›› combobox-input"/>
    <testcase classname="#example-container .fd-combobox-input.__n1" name=" ›› combobox-input"/>
    <testcase classname="#example-container .fd-contextual-menu" name=" ›› contextual-menu"/>
    <testcase classname="#example-container .fd-contextual-menu.__n1" name=" ›› contextual-menu"/>
    <testcase classname="#example-container .fd-contextual-menu.__n2" name=" ›› contextual-menu"/>
    <testcase classname="#example-container .fd-counter" name=" ›› counter"/>
    <testcase classname="#example-container .fd-counter.__n1" name=" ›› counter"/>
    <testcase classname="#example-container .fd-counter.__n2" name=" ›› counter"/>
    <testcase classname="#example-container .fd-counter.__n3" name=" ›› counter"/>
    <testcase classname="#example-container .fd-counter.__n4" name=" ›› counter"/>
    <testcase classname="#example-container .fd-counter.__n5" name=" ›› counter"/>
    <testcase classname="#example-container .fd-counter.__n6" name=" ›› counter"/>
    <testcase classname="#example-container .fd-counter.__n7" name=" ›› counter"/>
    <testcase classname="#example-container .fd-counter.__n8" name=" ›› counter"/>
    <testcase classname="#example-container .fd-counter.__n9" name=" ›› counter"/>
    <testcase classname="#example-container .fd-counter.__n10" name=" ›› counter"/>
    <testcase classname="#example-container .fd-date-picker" name=" ›› date-picker"/>
    <testcase classname="#example-container .fd-date-picker.__n1" name=" ›› date-picker"/>
    <testcase classname="#example-container .fd-dropdown" name=" ›› dropdown"/>
    <testcase classname="#example-container .fd-dropdown.__n1" name=" ›› dropdown"/>
    <testcase classname="#example-container .fd-dropdown.__n2" name=" ›› dropdown"/>
    <testcase classname="#example-container .fd-dropdown.__n3" name=" ›› dropdown"/>
    <testcase classname="#example-container .fd-dropdown.__n4" name=" ›› dropdown"/>
    <testcase classname="#example-container .fd-dropdown.__n5" name=" ›› dropdown"/>
    <testcase classname="#example-container .fd-dropdown.__n6" name=" ›› dropdown"/>
    <testcase classname="#example-container .fd-dropdown.__n7" name=" ›› dropdown"/>
    <testcase classname="#example-container .fd-dropdown.__n8" name=" ›› dropdown"/>
    <testcase classname="#example-container .fd-dropdown.__n9" name=" ›› dropdown"/>
    <testcase classname="#example-container .fd-dropdown.__n10" name=" ›› dropdown"/>
    <testcase classname="#example-container .fd-dropdown.__n11" name=" ›› dropdown"/>
    <testcase classname="#example-container .fd-form" name=" ›› form"/>
    <testcase classname="#example-container .fd-global-nav" name=" ›› global-nav"/>
    <testcase classname="#example-container .fd-icon" name=" ›› icon"/>
    <testcase classname="#example-container .fd-identifier" name=" ›› identifier"/>
    <testcase classname="#example-container .fd-identifier.__n1" name=" ›› identifier"/>
    <testcase classname="#example-container .fd-identifier.__n2" name=" ›› identifier"/>
    <testcase classname="#example-container .fd-identifier.__n3" name=" ›› identifier"/>
    <testcase classname="#example-container .fd-identifier.__n4" name=" ›› identifier"/>
    <testcase classname="#example-container .fd-identifier.__n5" name=" ›› identifier"/>
    <testcase classname="#example-container .fd-identifier.__n6" name=" ›› identifier"/>
    <testcase classname="#example-container .fd-identifier.__n7" name=" ›› identifier"/>
    <testcase classname="#example-container .fd-identifier.__n8" name=" ›› identifier"/>
    <testcase classname="#example-container .fd-identifier.__n9" name=" ›› identifier"/>
    <testcase classname="#example-container .fd-identifier.__n10" name=" ›› identifier"/>
    <testcase classname="#example-container .fd-identifier.__n11" name=" ›› identifier"/>
    <testcase classname="#example-container .fd-identifier.__n12" name=" ›› identifier"/>
    <testcase classname="#example-container .fd-identifier.__n13" name=" ›› identifier"/>
    <testcase classname="#example-container .fd-identifier.__n14" name=" ›› identifier"/>
    <testcase classname="#example-container .fd-identifier.__n15" name=" ›› identifier"/>
    <testcase classname="#example-container .fd-identifier.__n16" name=" ›› identifier"/>
    <testcase classname="#example-container .fd-identifier.__n17" name=" ›› identifier"/>
    <testcase classname="#example-container .fd-identifier.__n18" name=" ›› identifier"/>
    <testcase classname="#example-container .fd-identifier.__n19" name=" ›› identifier"/>
    <testcase classname="#example-container .fd-identifier.__n20" name=" ›› identifier"/>
    <testcase classname="#example-container .fd-identifier.__n21" name=" ›› identifier"/>
    <testcase classname="#example-container .fd-identifier.__n22" name=" ›› identifier"/>
    <testcase classname="#example-container .fd-identifier.__n23" name=" ›› identifier"/>
    <testcase classname="#example-container .fd-identifier.__n24" name=" ›› identifier"/>
    <testcase classname="#example-container .fd-identifier.__n25" name=" ›› identifier"/>
    <testcase classname="#example-container .fd-identifier.__n26" name=" ›› identifier"/>
    <testcase classname="#example-container .fd-identifier.__n27" name=" ›› identifier"/>
    <testcase classname="#example-container .fd-identifier.__n28" name=" ›› identifier"/>
    <testcase classname="#example-container .fd-identifier.__n29" name=" ›› identifier"/>
    <testcase classname="#example-container .fd-identifier.__n30" name=" ›› identifier"/>
    <testcase classname="#example-container .fd-identifier.__n31" name=" ›› identifier"/>
    <testcase classname="#example-container .fd-identifier.__n32" name=" ›› identifier"/>
    <testcase classname="#example-container .fd-identifier.__n33" name=" ›› identifier"/>
    <testcase classname="#example-container .fd-identifier.__n34" name=" ›› identifier"/>
    <testcase classname="#example-container .fd-identifier.__n35" name=" ›› identifier"/>
    <testcase classname="#example-container .fd-identifier.__n36" name=" ›› identifier"/>
    <testcase classname="#example-container .fd-identifier.__n37" name=" ›› identifier"/>
    <testcase classname="#example-container .fd-identifier.__n38" name=" ›› identifier"/>
    <testcase classname="#example-container .fd-identifier.__n39" name=" ›› identifier"/>
    <testcase classname="#example-container .fd-identifier.__n40" name=" ›› identifier"/>
    <testcase classname="#example-container .fd-identifier.__n41" name=" ›› identifier"/>
    <testcase classname="#example-container .fd-identifier.__n42" name=" ›› identifier"/>
    <testcase classname="#example-container .fd-identifier.__n43" name=" ›› identifier"/>
    <testcase classname="#example-container .fd-identifier.__n44" name=" ›› identifier"/>
    <testcase classname="#example-container .fd-identifier.__n45" name=" ›› identifier"/>
    <testcase classname="#example-container .fd-identifier.__n46" name=" ›› identifier"/>
    <testcase classname="#example-container .fd-identifier.__n47" name=" ›› identifier"/>
    <testcase classname="#example-container .fd-identifier.__n48" name=" ›› identifier"/>
    <testcase classname="#example-container .fd-identifier.__n49" name=" ›› identifier"/>
    <testcase classname="#example-container .fd-identifier.__n50" name=" ›› identifier"/>
    <testcase classname="#example-container .fd-identifier.__n51" name=" ›› identifier"/>
    <testcase classname="#example-container .fd-identifier.__n52" name=" ›› identifier"/>
    <testcase classname="#example-container .fd-identifier.__n53" name=" ›› identifier"/>
    <testcase classname="#example-container .fd-identifier.__n54" name=" ›› identifier"/>
    <testcase classname="#example-container .fd-identifier.__n55" name=" ›› identifier"/>
    <testcase classname="#example-container .fd-identifier.__n56" name=" ›› identifier"/>
    <testcase classname="#example-container .fd-identifier.__n57" name=" ›› identifier"/>
    <testcase classname="#example-container .fd-identifier.__n58" name=" ›› identifier"/>
    <testcase classname="#example-container .fd-identifier.__n59" name=" ›› identifier"/>
    <testcase classname="#example-container .fd-identifier.__n60" name=" ›› identifier"/>
    <testcase classname="#example-container .fd-identifier.__n61" name=" ›› identifier"/>
    <testcase classname="#example-container .fd-identifier.__n62" name=" ›› identifier"/>
    <testcase classname="#example-container .fd-identifier.__n63" name=" ›› identifier"/>
    <testcase classname="#example-container .fd-identifier.__n64" name=" ›› identifier"/>
    <testcase classname="#example-container .fd-identifier.__n65" name=" ›› identifier"/>
    <testcase classname="#example-container .fd-identifier.__n66" name=" ›› identifier"/>
    <testcase classname="#example-container .fd-identifier.__n67" name=" ›› identifier"/>
    <testcase classname="#example-container .fd-identifier.__n68" name=" ›› identifier"/>
    <testcase classname="#example-container .fd-identifier.__n69" name=" ›› identifier"/>
    <testcase classname="#example-container .fd-identifier.__n70" name=" ›› identifier"/>
    <testcase classname="#example-container .fd-identifier.__n71" name=" ›› identifier"/>
    <testcase classname="#example-container .fd-identifier.__n72" name=" ›› identifier"/>
    <testcase classname="#example-container .fd-identifier.__n73" name=" ›› identifier"/>
    <testcase classname="#example-container .fd-identifier.__n74" name=" ›› identifier"/>
    <testcase classname="#example-container .fd-image" name=" ›› image"/>
    <testcase classname="#example-container .fd-inline-help" name=" ›› inline-help"/>
    <testcase classname="#example-container .fd-inline-help.__n1" name=" ›› inline-help"/>
    <testcase classname="#example-container .fd-inline-help.__n2" name=" ›› inline-help"/>
    <testcase classname="#example-container .fd-inline-help.__n3" name=" ›› inline-help"/>
    <testcase classname="#example-container .fd-inline-help.__n4" name=" ›› inline-help"/>
    <testcase classname="#example-container .fd-input" name=" ›› input"/>
    <testcase classname="#example-container .fd-input.__n1" name=" ›› input"/>
    <testcase classname="#example-container .fd-input-group" name=" ›› input-group"/>
    <testcase classname="#example-container .fd-input-group.__n1" name=" ›› input-group"/>
    <testcase classname="#example-container .fd-input-group.__n2" name=" ›› input-group"/>
    <testcase classname="#example-container .fd-input-group.__n3" name=" ›› input-group"/>
    <testcase classname="#example-container .fd-input-group.__n4" name=" ›› input-group"/>
    <testcase classname="#example-container .fd-input-group.__n5" name=" ›› input-group"/>
    <testcase classname="#example-container .fd-input-group.__n6" name=" ›› input-group"/>
    <testcase classname="#example-container .fd-input-group.__n7" name=" ›› input-group"/>
    <testcase classname="#example-container .fd-input-group.__n8" name=" ›› input-group"/>
    <testcase classname="#example-container .fd-input-group.__n9" name=" ›› input-group"/>
    <testcase classname="#example-container .fd-input-group.__n10" name=" ›› input-group"/>
    <testcase classname="#example-container .fd-input-group.__n11" name=" ›› input-group"/>
    <testcase classname="#example-container .fd-input-group.__n12" name=" ›› input-group"/>
    <testcase classname="#example-container .fd-input-group.__n13" name=" ›› input-group"/>
    <testcase classname="#example-container .fd-input-group.__n14" name=" ›› input-group"/>
    <testcase classname="#example-container .fd-input-group.__n15" name=" ›› input-group"/>
    <testcase classname="#example-container .fd-input-group.__n16" name=" ›› input-group"/>
    <testcase classname="#example-container .fd-input-group.__n17" name=" ›› input-group"/>
    <testcase classname="#example-container .fd-input-group.__n18" name=" ›› input-group"/>
    <testcase classname="#example-container .fd-input-group.__n19" name=" ›› input-group"/>
    <testcase classname="#example-container .fd-input-group.__n20" name=" ›› input-group"/>
    <testcase classname="#example-container .fd-input-group.__n21" name=" ›› input-group"/>
    <testcase classname="#example-container .fd-input-group.__n22" name=" ›› input-group"/>
    <testcase classname="#example-container .fd-input-group.__n23" name=" ›› input-group"/>
    <testcase classname="#example-container .fd-input-group.__n24" name=" ›› input-group"/>
    <testcase classname="#example-container .fd-input-group.__n25" name=" ›› input-group"/>
    <testcase classname="#example-container .fd-input-group.__n26" name=" ›› input-group"/>
    <testcase classname="#example-container .fd-input-group.__n27" name=" ›› input-group"/>
    <testcase classname="#example-container .fd-input-group.__n28" name=" ›› input-group"/>
    <testcase classname="#example-container .fd-input-group.__n29" name=" ›› input-group"/>
    <testcase classname="#example-container .fd-input-group.__n30" name=" ›› input-group"/>
    <testcase classname="#example-container .fd-input-group.__n31" name=" ›› input-group"/>
    <testcase classname="#example-container .fd-label" name=" ›› label"/>
    <testcase classname="#example-container .fd-label.__n1" name=" ›› label"/>
    <testcase classname="#example-container .fd-label.__n2" name=" ›› label"/>
    <testcase classname="#example-container .fd-label.__n3" name=" ›› label"/>
    <testcase classname="#example-container .fd-layout" name=" ›› layout"/>
    <testcase classname="#example-container .fd-link" name=" ›› link"/>
    <testcase classname="#example-container .fd-link.__n1" name=" ›› link"/>
    <testcase classname="#example-container .fd-link.__n2" name=" ›› link"/>
    <testcase classname="#example-container .fd-link.__n3" name=" ›› link"/>
    <testcase classname="#example-container .fd-list-group" name=" ›› list-group"/>
    <testcase classname="#example-container .fd-list-group.__n1" name=" ›› list-group"/>
    <testcase classname="#example-container .fd-list-group.__n2" name=" ›› list-group"/>
    <testcase classname="#example-container .fd-localization-editor" name=" ›› localization-editor"/>
    <testcase classname="#example-container .fd-localization-editor.__n1" name=" ›› localization-editor"/>
    <testcase classname="#example-container .fd-localization-editor.__n2" name=" ›› localization-editor"/>
    <testcase classname="#example-container .fd-mega-menu" name=" ›› mega-menu"/>
    <testcase classname="#example-container .fd-mega-menu.__n1" name=" ›› mega-menu"/>
    <testcase classname="#example-container .fd-mega-menu.__n2" name=" ›› mega-menu"/>
    <testcase classname="#example-container .fd-mega-menu.__n3" name=" ›› mega-menu"/>
    <testcase classname="#example-container .fd-mega-menu.__n4" name=" ›› mega-menu"/>
    <testcase classname="#example-container .fd-menu" name=" ›› menu"/>
    <testcase classname="#example-container .fd-menu.__n1" name=" ›› menu"/>
    <testcase classname="#example-container .fd-menu.__n2" name=" ›› menu"/>
    <testcase classname="#example-container .fd-menu.__n3" name=" ›› menu"/>
    <testcase classname="#example-container .fd-menu.__n4" name=" ›› menu"/>
    <testcase classname="#example-container .fd-menu.__n5" name=" ›› menu"/>
    <testcase classname="#example-container .fd-menu.__n6" name=" ›› menu"/>
    <testcase classname="#example-container .fd-menu.__n7" name=" ›› menu"/>
    <testcase classname="#example-container .fd-menu.__n8" name=" ›› menu"/>
    <testcase classname="#example-container .fd-modal" name=" ›› modal"/>
    <testcase classname="#example-container .fd-modal.__n1" name=" ›› modal"/>
    <testcase classname="#example-container .fd-modal.__n2" name=" ›› modal"/>
    <testcase classname="#example-container .fd-modal.__n3" name=" ›› modal"/>
    <testcase classname="#example-container .fd-modal.__n4" name=" ›› modal"/>
    <testcase classname="#example-container .fd-multi-input" name=" ›› multi-input"/>
    <testcase classname="#example-container .fd-multi-input.__n1" name=" ›› multi-input"/>
    <testcase classname="#example-container .fd-nav" name=" ›› nav"/>
    <testcase classname="#example-container .fd-nav.__n1" name=" ›› nav"/>
    <testcase classname="#example-container .fd-nav.__n2" name=" ›› nav"/>
    <testcase classname="#example-container .fd-pages" name=" ›› pages"/>
    <testcase classname="#example-container .fd-pagination" name=" ›› pagination"/>
    <testcase classname="#example-container .fd-pagination.__n1" name=" ›› pagination"/>
    <testcase classname="#example-container .fd-pagination.__n2" name=" ›› pagination"/>
    <testcase classname="#example-container .fd-pagination.__n3" name=" ›› pagination"/>
    <testcase classname="#example-container .fd-pagination.__n4" name=" ›› pagination"/>
    <testcase classname="#example-container .fd-panel" name=" ›› panel"/>
    <testcase classname="#example-container .fd-panel.__n1" name=" ›› panel"/>
    <testcase classname="#example-container .fd-panel.__n2" name=" ›› panel"/>
    <testcase classname="#example-container .fd-panel.__n3" name=" ›› panel"/>
    <testcase classname="#example-container .fd-panel.__n4" name=" ›› panel"/>
    <testcase classname="#example-container .fd-panel-grid" name=" ›› panel-grid"/>
    <testcase classname="#example-container .fd-panel-grid.__n1" name=" ›› panel-grid"/>
    <testcase classname="#example-container .fd-panel-grid.__n2" name=" ›› panel-grid"/>
    <testcase classname="#example-container .fd-panel-grid.__n3" name=" ›› panel-grid"/>
    <testcase classname="#example-container .fd-panel-grid.__n4" name=" ›› panel-grid"/>
    <testcase classname="#example-container .fd-panel-grid.__n5" name=" ›› panel-grid"/>
    <testcase classname="#example-container .fd-panel-grid.__n6" name=" ›› panel-grid"/>
    <testcase classname="#example-container .fd-panel-grid.__n7" name=" ›› panel-grid"/>
    <testcase classname="#example-container .fd-popover" name=" ›› popover"/>
    <testcase classname="#example-container .fd-popover.__n1" name=" ›› popover"/>
    <testcase classname="#example-container .fd-popover.__n2" name=" ›› popover"/>
    <testcase classname="#example-container .fd-popover.__n3" name=" ›› popover"/>
    <testcase classname="#example-container .fd-popover.__n4" name=" ›› popover"/>
    <testcase classname="#example-container .fd-popover.__n5" name=" ›› popover"/>
    <testcase classname="#example-container .fd-product-menu" name=" ›› product-menu"/>
    <testcase classname="#example-container .fd-product-switcher" name=" ›› product-switcher"/>
    <testcase classname="#example-container .fd-product-tile" name=" ›› product-tile"/>
    <testcase classname="#example-container .fd-product-tile.__n1" name=" ›› product-tile"/>
    <testcase classname="#example-container .fd-product-tile.__n2" name=" ›› product-tile"/>
    <testcase classname="#example-container .fd-product-tile.__n3" name=" ›› product-tile"/>
    <testcase classname="#example-container .fd-product-tile.__n4" name=" ›› product-tile"/>
    <testcase classname="#example-container .fd-product-tile.__n5" name=" ›› product-tile"/>
    <testcase classname="#example-container .fd-product-tile.__n6" name=" ›› product-tile"/>
    <testcase classname="#example-container .fd-product-tile.__n7" name=" ›› product-tile"/>
    <testcase classname="#example-container .fd-radio" name=" ›› radio"/>
    <testcase classname="#example-container .fd-radio.__n1" name=" ›› radio"/>
    <testcase classname="#example-container .fd-radio.__n2" name=" ›› radio"/>
    <testcase classname="#example-container .fd-radio.__n3" name=" ›› radio"/>
    <testcase classname="#example-container .fd-search-input" name=" ›› search-input"/>
    <testcase classname="#example-container .fd-search-input.__n1" name=" ›› search-input"/>
    <testcase classname="#example-container .fd-search-input.__n2" name=" ›› search-input"/>
    <testcase classname="#example-container .fd-shellbar" name=" ›› shellbar"/>
    <testcase classname="#example-container .fd-shellbar.__n1" name=" ›› shellbar"/>
    <testcase classname="#example-container .fd-shellbar.__n2" name=" ›› shellbar"/>
    <testcase classname="#example-container .fd-shellbar.__n3" name=" ›› shellbar"/>
    <testcase classname="#example-container .fd-shellbar.__n4" name=" ›› shellbar"/>
    <testcase classname="#example-container .fd-shellbar.__n5" name=" ›› shellbar"/>
    <testcase classname="#example-container .fd-shellbar.__n6" name=" ›› shellbar"/>
    <testcase classname="#example-container .fd-shellbar.__n7" name=" ›› shellbar"/>
    <testcase classname="#example-container .fd-shellbar.__n8" name=" ›› shellbar"/>
    <testcase classname="#example-container .fd-shellbar.__n9" name=" ›› shellbar"/>
    <testcase classname="#example-container .fd-side-nav" name=" ›› side-nav"/>
    <testcase classname="#example-container .fd-side-nav.__n1" name=" ›› side-nav"/>
    <testcase classname="#example-container .fd-side-nav.__n2" name=" ›› side-nav"/>
    <testcase classname="#example-container .fd-side-nav.__n3" name=" ›› side-nav"/>
    <testcase classname="#example-container .fd-side-nav.__n4" name=" ›› side-nav"/>
    <testcase classname="#example-container .fd-side-nav.__n5" name=" ›› side-nav"/>
    <testcase classname="#example-container .fd-side-nav.__n6" name=" ›› side-nav"/>
    <testcase classname="#example-container .fd-side-nav.__n7" name=" ›› side-nav"/>
    <testcase classname="#example-container .fd-side-nav.__n8" name=" ›› side-nav"/>
    <testcase classname="#example-container .fd-side-nav.__n9" name=" ›› side-nav"/>
    <testcase classname="#example-container .fd-status-label" name=" ›› status-label"/>
    <testcase classname="#example-container .fd-status-label.__n1" name=" ›› status-label"/>
    <testcase classname="#example-container .fd-status-label.__n2" name=" ›› status-label"/>
    <testcase classname="#example-container .fd-status-label.__n3" name=" ›› status-label"/>
    <testcase classname="#example-container .fd-status-label.__n4" name=" ›› status-label"/>
    <testcase classname="#example-container .fd-status-label.__n5" name=" ›› status-label"/>
    <testcase classname="#example-container .fd-status-label.__n6" name=" ›› status-label"/>
    <testcase classname="#example-container .fd-status-label.__n7" name=" ›› status-label"/>
    <testcase classname="#example-container .fd-status-label.__n8" name=" ›› status-label"/>
    <testcase classname="#example-container .fd-status-label.__n9" name=" ›› status-label">
      <failure message="Design deviation ›› status-label (#example-container .fd-status-label.__n9) component"/>
      <error message="Design deviation ›› status-label (#example-container .fd-status-label.__n9) component"/>
    </testcase>
    <testcase classname="#example-container .fd-status-label.__n10" name=" ›› status-label"/>
    <testcase classname="#example-container .fd-status-label.__n11" name=" ›› status-label"/>
    <testcase classname="#example-container .fd-table" name=" ›› table"/>
    <testcase classname="#example-container .fd-table.__n1" name=" ›› table"/>
    <testcase classname="#example-container .fd-table.__n2" name=" ›› table"/>
    <testcase classname="#example-container .fd-table.__n3" name=" ›› table"/>
    <testcase classname="#example-container .fd-table.__n4" name=" ›› table"/>
    <testcase classname="#example-container .fd-table.__n5" name=" ›› table"/>
    <testcase classname="#example-container .fd-table.__n6" name=" ›› table"/>
    <testcase classname="#example-container .fd-table.__n7" name=" ›› table"/>
    <testcase classname="#example-container .fd-table.__n8" name=" ›› table"/>
    <testcase classname="#example-container .fd-table.__n9" name=" ›› table"/>
    <testcase classname="#example-container .fd-table.__n10" name=" ›› table"/>
    <testcase classname="#example-container .fd-table.__n11" name=" ›› table"/>
    <testcase classname="#example-container .fd-table.__n12" name=" ›› table"/>
    <testcase classname="#example-container .fd-tabs" name=" ›› tabs"/>
    <testcase classname="#example-container .fd-tabs.__n1" name=" ›› tabs"/>
    <testcase classname="#example-container .fd-tag" name=" ›› tag"/>
    <testcase classname="#example-container .fd-tag.__n1" name=" ›› tag"/>
    <testcase classname="#example-container .fd-tag.__n2" name=" ›› tag"/>
    <testcase classname="#example-container .fd-tag.__n3" name=" ›› tag"/>
    <testcase classname="#example-container .fd-tile" name=" ›› tile"/>
    <testcase classname="#example-container .fd-tile.__n1" name=" ›› tile"/>
    <testcase classname="#example-container .fd-tile.__n2" name=" ›› tile"/>
    <testcase classname="#example-container .fd-tile.__n3" name=" ›› tile"/>
    <testcase classname="#example-container .fd-tile.__n4" name=" ›› tile"/>
    <testcase classname="#example-container .fd-tile.__n5" name=" ›› tile"/>
    <testcase classname="#example-container .fd-tile.__n6" name=" ›› tile"/>
    <testcase classname="#example-container .fd-tile.__n7" name=" ›› tile"/>
    <testcase classname="#example-container .fd-tile.__n8" name=" ›› tile"/>
    <testcase classname="#example-container .fd-tile.__n9" name=" ›› tile"/>
    <testcase classname="#example-container .fd-tile.__n10" name=" ›› tile"/>
    <testcase classname="#example-container .fd-tile.__n11" name=" ›› tile"/>
    <testcase classname="#example-container .fd-tile.__n12" name=" ›› tile"/>
    <testcase classname="#example-container .fd-tile.__n13" name=" ›› tile"/>
    <testcase classname="#example-container .fd-tile-grid" name=" ›› tile-grid"/>
    <testcase classname="#example-container .fd-tile-grid.__n1" name=" ›› tile-grid"/>
    <testcase classname="#example-container .fd-tile-grid.__n2" name=" ›› tile-grid"/>
    <testcase classname="#example-container .fd-tile-grid.__n3" name=" ›› tile-grid"/>
    <testcase classname="#example-container .fd-tile-grid.__n4" name=" ›› tile-grid"/>
    <testcase classname="#example-container .fd-tile-grid.__n5" name=" ›› tile-grid"/>
    <testcase classname="#example-container .fd-tile-grid.__n6" name=" ›› tile-grid"/>
    <testcase classname="#example-container .fd-time" name=" ›› time"/>
    <testcase classname="#example-container .fd-time.__n1" name=" ›› time"/>
    <testcase classname="#example-container .fd-time.__n2" name=" ›› time"/>
    <testcase classname="#example-container .fd-time-picker" name=" ›› time-picker"/>
    <testcase classname="#example-container .fd-time-picker.__n1" name=" ›› time-picker"/>
    <testcase classname="#example-container .fd-toggle" name=" ›› toggle"/>
    <testcase classname="#example-container .fd-toggle.__n1" name=" ›› toggle"/>
    <testcase classname="#example-container .fd-toggle.__n2" name=" ›› toggle"/>
    <testcase classname="#example-container .fd-toggle.__n3" name=" ›› toggle"/>
    <testcase classname="#example-container .fd-toggle.__n4" name=" ›› toggle"/>
    <testcase classname="#example-container .fd-toggle.__n5" name=" ›› toggle"/>
    <testcase classname="#example-container .fd-toggle.__n6" name=" ›› toggle"/>
    <testcase classname="#example-container .fd-toggle.__n7" name=" ›› toggle"/>
    <testcase classname="#example-container .fd-toggle.__n8" name=" ›› toggle"/>
    <testcase classname="#example-container .fd-toggle.__n9" name=" ›› toggle"/>
    <testcase classname="#example-container .fd-toggle.__n10" name=" ›› toggle"/>
    <testcase classname="#example-container .fd-toggle.__n11" name=" ›› toggle"/>
    <testcase classname="#example-container .fd-toggle.__n12" name=" ›› toggle"/>
    <testcase classname="#example-container .fd-toggle.__n13" name=" ›› toggle"/>
    <testcase classname="#example-container .fd-toggle.__n14" name=" ›› toggle"/>
    <testcase classname="#example-container .fd-toggle.__n15" name=" ›› toggle"/>
    <testcase classname="#example-container .fd-toggle.__n16" name=" ›› toggle"/>
    <testcase classname="#example-container .fd-toggle.__n17" name=" ›› toggle"/>
    <testcase classname="#example-container .fd-toggle.__n18" name=" ›› toggle"/>
    <testcase classname="#example-container .fd-toggle.__n19" name=" ›› toggle"/>
    <testcase classname="#example-container .fd-toggle.__n20" name=" ›› toggle"/>
    <testcase classname="#example-container .fd-token" name=" ›› token"/>
    <testcase classname="#example-container .fd-token.__n1" name=" ›› token"/>
    <testcase classname="#example-container .fd-token.__n2" name=" ›› token"/>
    <testcase classname="#example-container .fd-token.__n3" name=" ›› token"/>
    <testcase classname="#example-container .fd-tree" name=" ›› tree"/>
    <testcase classname="#example-container .fd-tree.__n1" name=" ›› tree"/>
    <testcase classname="#example-container .fd-tree.__n2" name=" ›› tree"/>
    <testcase classname="#example-container .fd-tree.__n3" name=" ›› tree"/>
    <testcase classname="#example-container .fd-tree.__n4" name=" ›› tree"/>
    <testcase classname="#example-container .fd-tree.__n5" name=" ›› tree"/>
    <testcase classname="#example-container .fd-user-menu" name=" ›› user-menu"/>
    <testcase classname="#example-container .fd-user-menu.__n1" name=" ›› user-menu"/>
    <testcase classname="#example-container .fd-user-menu.__n2" name=" ›› user-menu"/>
  </testsuite>
</testsuites>